<?xml version="1.0" encoding="UTF-8"?>
<testsuite xmlns:xsi="http://www.w3.org/2001/XMLSchema-instance" xsi:noNamespaceSchemaLocation="https://maven.apache.org/surefire/maven-surefire-plugin/xsd/surefire-test-report-3.0.xsd" version="3.0" name="projeto.bank.testes.CadastroConta" time="5.083" tests="1" errors="0" skipped="0" failures="0">
  <properties>
    <property name="java.specification.version" value="21"/>
    <property name="sun.cpu.isalist" value="amd64"/>
    <property name="sun.jnu.encoding" value="Cp1252"/>
    <property name="java.class.path" value="C:\Users\Pichau\eclipse-workspace\projeto.bank\target\test-classes;C:\Users\Pichau\eclipse-workspace\projeto.bank\target\classes;C:\Users\Pichau\.m2\repository\org\seleniumhq\selenium\selenium-java\4.22.0\selenium-java-4.22.0.jar;C:\Users\Pichau\.m2\repository\org\seleniumhq\selenium\selenium-api\4.22.0\selenium-api-4.22.0.jar;C:\Users\Pichau\.m2\repository\org\seleniumhq\selenium\selenium-chrome-driver\4.22.0\selenium-chrome-driver-4.22.0.jar;C:\Users\Pichau\.m2\repository\com\google\auto\service\auto-service-annotations\1.1.1\auto-service-annotations-1.1.1.jar;C:\Users\Pichau\.m2\repository\org\seleniumhq\selenium\selenium-chromium-driver\4.22.0\selenium-chromium-driver-4.22.0.jar;C:\Users\Pichau\.m2\repository\org\seleniumhq\selenium\selenium-json\4.22.0\selenium-json-4.22.0.jar;C:\Users\Pichau\.m2\repository\org\seleniumhq\selenium\selenium-manager\4.22.0\selenium-manager-4.22.0.jar;C:\Users\Pichau\.m2\repository\org\seleniumhq\selenium\selenium-devtools-v124\4.22.0\selenium-devtools-v124-4.22.0.jar;C:\Users\Pichau\.m2\repository\org\seleniumhq\selenium\selenium-devtools-v125\4.22.0\selenium-devtools-v125-4.22.0.jar;C:\Users\Pichau\.m2\repository\org\seleniumhq\selenium\selenium-devtools-v126\4.22.0\selenium-devtools-v126-4.22.0.jar;C:\Users\Pichau\.m2\repository\org\seleniumhq\selenium\selenium-devtools-v85\4.22.0\selenium-devtools-v85-4.22.0.jar;C:\Users\Pichau\.m2\repository\org\seleniumhq\selenium\selenium-edge-driver\4.22.0\selenium-edge-driver-4.22.0.jar;C:\Users\Pichau\.m2\repository\org\seleniumhq\selenium\selenium-firefox-driver\4.22.0\selenium-firefox-driver-4.22.0.jar;C:\Users\Pichau\.m2\repository\org\seleniumhq\selenium\selenium-http\4.22.0\selenium-http-4.22.0.jar;C:\Users\Pichau\.m2\repository\dev\failsafe\failsafe\3.3.2\failsafe-3.3.2.jar;C:\Users\Pichau\.m2\repository\org\seleniumhq\selenium\selenium-ie-driver\4.22.0\selenium-ie-driver-4.22.0.jar;C:\Users\Pichau\.m2\repository\org\seleniumhq\selenium\selenium-remote-driver\4.22.0\selenium-remote-driver-4.22.0.jar;C:\Users\Pichau\.m2\repository\com\google\guava\guava\33.2.1-jre\guava-33.2.1-jre.jar;C:\Users\Pichau\.m2\repository\com\google\guava\failureaccess\1.0.2\failureaccess-1.0.2.jar;C:\Users\Pichau\.m2\repository\com\google\guava\listenablefuture\9999.0-empty-to-avoid-conflict-with-guava\listenablefuture-9999.0-empty-to-avoid-conflict-with-guava.jar;C:\Users\Pichau\.m2\repository\com\google\code\findbugs\jsr305\3.0.2\jsr305-3.0.2.jar;C:\Users\Pichau\.m2\repository\org\checkerframework\checker-qual\3.42.0\checker-qual-3.42.0.jar;C:\Users\Pichau\.m2\repository\com\google\errorprone\error_prone_annotations\2.26.1\error_prone_annotations-2.26.1.jar;C:\Users\Pichau\.m2\repository\com\google\j2objc\j2objc-annotations\3.0.0\j2objc-annotations-3.0.0.jar;C:\Users\Pichau\.m2\repository\io\opentelemetry\semconv\opentelemetry-semconv\1.25.0-alpha\opentelemetry-semconv-1.25.0-alpha.jar;C:\Users\Pichau\.m2\repository\io\opentelemetry\opentelemetry-api\1.39.0\opentelemetry-api-1.39.0.jar;C:\Users\Pichau\.m2\repository\io\opentelemetry\opentelemetry-context\1.39.0\opentelemetry-context-1.39.0.jar;C:\Users\Pichau\.m2\repository\io\opentelemetry\opentelemetry-exporter-logging\1.39.0\opentelemetry-exporter-logging-1.39.0.jar;C:\Users\Pichau\.m2\repository\io\opentelemetry\opentelemetry-sdk-common\1.39.0\opentelemetry-sdk-common-1.39.0.jar;C:\Users\Pichau\.m2\repository\io\opentelemetry\opentelemetry-sdk-extension-autoconfigure-spi\1.39.0\opentelemetry-sdk-extension-autoconfigure-spi-1.39.0.jar;C:\Users\Pichau\.m2\repository\io\opentelemetry\opentelemetry-sdk-extension-autoconfigure\1.39.0\opentelemetry-sdk-extension-autoconfigure-1.39.0.jar;C:\Users\Pichau\.m2\repository\io\opentelemetry\opentelemetry-api-incubator\1.39.0-alpha\opentelemetry-api-incubator-1.39.0-alpha.jar;C:\Users\Pichau\.m2\repository\io\opentelemetry\opentelemetry-sdk-trace\1.39.0\opentelemetry-sdk-trace-1.39.0.jar;C:\Users\Pichau\.m2\repository\io\opentelemetry\opentelemetry-sdk\1.39.0\opentelemetry-sdk-1.39.0.jar;C:\Users\Pichau\.m2\repository\io\opentelemetry\opentelemetry-sdk-metrics\1.39.0\opentelemetry-sdk-metrics-1.39.0.jar;C:\Users\Pichau\.m2\repository\io\opentelemetry\opentelemetry-sdk-logs\1.39.0\opentelemetry-sdk-logs-1.39.0.jar;C:\Users\Pichau\.m2\repository\net\bytebuddy\byte-buddy\1.14.17\byte-buddy-1.14.17.jar;C:\Users\Pichau\.m2\repository\org\seleniumhq\selenium\selenium-os\4.22.0\selenium-os-4.22.0.jar;C:\Users\Pichau\.m2\repository\org\apache\commons\commons-exec\1.4.0\commons-exec-1.4.0.jar;C:\Users\Pichau\.m2\repository\org\seleniumhq\selenium\selenium-safari-driver\4.22.0\selenium-safari-driver-4.22.0.jar;C:\Users\Pichau\.m2\repository\org\seleniumhq\selenium\selenium-support\4.22.0\selenium-support-4.22.0.jar;C:\Users\Pichau\.m2\repository\org\junit\jupiter\junit-jupiter-api\5.10.3\junit-jupiter-api-5.10.3.jar;C:\Users\Pichau\.m2\repository\org\opentest4j\opentest4j\1.3.0\opentest4j-1.3.0.jar;C:\Users\Pichau\.m2\repository\org\junit\platform\junit-platform-commons\1.10.3\junit-platform-commons-1.10.3.jar;C:\Users\Pichau\.m2\repository\org\apiguardian\apiguardian-api\1.1.2\apiguardian-api-1.1.2.jar;C:\Users\Pichau\.m2\repository\io\rest-assured\rest-assured\5.5.0\rest-assured-5.5.0.jar;C:\Users\Pichau\.m2\repository\org\apache\groovy\groovy\4.0.22\groovy-4.0.22.jar;C:\Users\Pichau\.m2\repository\org\apache\groovy\groovy-xml\4.0.22\groovy-xml-4.0.22.jar;C:\Users\Pichau\.m2\repository\org\apache\httpcomponents\httpclient\4.5.13\httpclient-4.5.13.jar;C:\Users\Pichau\.m2\repository\org\apache\httpcomponents\httpcore\4.4.13\httpcore-4.4.13.jar;C:\Users\Pichau\.m2\repository\commons-logging\commons-logging\1.2\commons-logging-1.2.jar;C:\Users\Pichau\.m2\repository\commons-codec\commons-codec\1.11\commons-codec-1.11.jar;C:\Users\Pichau\.m2\repository\org\apache\httpcomponents\httpmime\4.5.13\httpmime-4.5.13.jar;C:\Users\Pichau\.m2\repository\org\hamcrest\hamcrest\2.2\hamcrest-2.2.jar;C:\Users\Pichau\.m2\repository\org\ccil\cowan\tagsoup\tagsoup\1.2.1\tagsoup-1.2.1.jar;C:\Users\Pichau\.m2\repository\io\rest-assured\json-path\5.5.0\json-path-5.5.0.jar;C:\Users\Pichau\.m2\repository\org\apache\groovy\groovy-json\4.0.22\groovy-json-4.0.22.jar;C:\Users\Pichau\.m2\repository\io\rest-assured\rest-assured-common\5.5.0\rest-assured-common-5.5.0.jar;C:\Users\Pichau\.m2\repository\io\rest-assured\xml-path\5.5.0\xml-path-5.5.0.jar;C:\Users\Pichau\.m2\repository\org\apache\commons\commons-lang3\3.11\commons-lang3-3.11.jar;C:\Users\Pichau\.m2\repository\commons-io\commons-io\2.15.1\commons-io-2.15.1.jar;"/>
    <property name="java.vm.vendor" value="Oracle Corporation"/>
    <property name="sun.arch.data.model" value="64"/>
    <property name="user.variant" value=""/>
    <property name="java.vendor.url" value="https://java.oracle.com/"/>
    <property name="user.timezone" value="America/Sao_Paulo"/>
    <property name="os.name" value="Windows 10"/>
    <property name="java.vm.specification.version" value="21"/>
    <property name="sun.java.launcher" value="SUN_STANDARD"/>
    <property name="user.country" value="BR"/>
    <property name="sun.boot.library.path" value="C:\Program Files\Java\jdk-21\bin"/>
    <property name="sun.java.command" value="C:\Users\Pichau\AppData\Local\Temp\surefire1534833240124848986\surefirebooter-20240718202525873_3.jar C:\Users\Pichau\AppData\Local\Temp\surefire1534833240124848986 2024-07-18T20-25-25_654-jvmRun1 surefire-20240718202525873_1tmp surefire_0-20240718202525873_2tmp"/>
    <property name="jdk.debug" value="release"/>
    <property name="test" value="CadastroConta"/>
    <property name="surefire.test.class.path" value="C:\Users\Pichau\eclipse-workspace\projeto.bank\target\test-classes;C:\Users\Pichau\eclipse-workspace\projeto.bank\target\classes;C:\Users\Pichau\.m2\repository\org\seleniumhq\selenium\selenium-java\4.22.0\selenium-java-4.22.0.jar;C:\Users\Pichau\.m2\repository\org\seleniumhq\selenium\selenium-api\4.22.0\selenium-api-4.22.0.jar;C:\Users\Pichau\.m2\repository\org\seleniumhq\selenium\selenium-chrome-driver\4.22.0\selenium-chrome-driver-4.22.0.jar;C:\Users\Pichau\.m2\repository\com\google\auto\service\auto-service-annotations\1.1.1\auto-service-annotations-1.1.1.jar;C:\Users\Pichau\.m2\repository\org\seleniumhq\selenium\selenium-chromium-driver\4.22.0\selenium-chromium-driver-4.22.0.jar;C:\Users\Pichau\.m2\repository\org\seleniumhq\selenium\selenium-json\4.22.0\selenium-json-4.22.0.jar;C:\Users\Pichau\.m2\repository\org\seleniumhq\selenium\selenium-manager\4.22.0\selenium-manager-4.22.0.jar;C:\Users\Pichau\.m2\repository\org\seleniumhq\selenium\selenium-devtools-v124\4.22.0\selenium-devtools-v124-4.22.0.jar;C:\Users\Pichau\.m2\repository\org\seleniumhq\selenium\selenium-devtools-v125\4.22.0\selenium-devtools-v125-4.22.0.jar;C:\Users\Pichau\.m2\repository\org\seleniumhq\selenium\selenium-devtools-v126\4.22.0\selenium-devtools-v126-4.22.0.jar;C:\Users\Pichau\.m2\repository\org\seleniumhq\selenium\selenium-devtools-v85\4.22.0\selenium-devtools-v85-4.22.0.jar;C:\Users\Pichau\.m2\repository\org\seleniumhq\selenium\selenium-edge-driver\4.22.0\selenium-edge-driver-4.22.0.jar;C:\Users\Pichau\.m2\repository\org\seleniumhq\selenium\selenium-firefox-driver\4.22.0\selenium-firefox-driver-4.22.0.jar;C:\Users\Pichau\.m2\repository\org\seleniumhq\selenium\selenium-http\4.22.0\selenium-http-4.22.0.jar;C:\Users\Pichau\.m2\repository\dev\failsafe\failsafe\3.3.2\failsafe-3.3.2.jar;C:\Users\Pichau\.m2\repository\org\seleniumhq\selenium\selenium-ie-driver\4.22.0\selenium-ie-driver-4.22.0.jar;C:\Users\Pichau\.m2\repository\org\seleniumhq\selenium\selenium-remote-driver\4.22.0\selenium-remote-driver-4.22.0.jar;C:\Users\Pichau\.m2\repository\com\google\guava\guava\33.2.1-jre\guava-33.2.1-jre.jar;C:\Users\Pichau\.m2\repository\com\google\guava\failureaccess\1.0.2\failureaccess-1.0.2.jar;C:\Users\Pichau\.m2\repository\com\google\guava\listenablefuture\9999.0-empty-to-avoid-conflict-with-guava\listenablefuture-9999.0-empty-to-avoid-conflict-with-guava.jar;C:\Users\Pichau\.m2\repository\com\google\code\findbugs\jsr305\3.0.2\jsr305-3.0.2.jar;C:\Users\Pichau\.m2\repository\org\checkerframework\checker-qual\3.42.0\checker-qual-3.42.0.jar;C:\Users\Pichau\.m2\repository\com\google\errorprone\error_prone_annotations\2.26.1\error_prone_annotations-2.26.1.jar;C:\Users\Pichau\.m2\repository\com\google\j2objc\j2objc-annotations\3.0.0\j2objc-annotations-3.0.0.jar;C:\Users\Pichau\.m2\repository\io\opentelemetry\semconv\opentelemetry-semconv\1.25.0-alpha\opentelemetry-semconv-1.25.0-alpha.jar;C:\Users\Pichau\.m2\repository\io\opentelemetry\opentelemetry-api\1.39.0\opentelemetry-api-1.39.0.jar;C:\Users\Pichau\.m2\repository\io\opentelemetry\opentelemetry-context\1.39.0\opentelemetry-context-1.39.0.jar;C:\Users\Pichau\.m2\repository\io\opentelemetry\opentelemetry-exporter-logging\1.39.0\opentelemetry-exporter-logging-1.39.0.jar;C:\Users\Pichau\.m2\repository\io\opentelemetry\opentelemetry-sdk-common\1.39.0\opentelemetry-sdk-common-1.39.0.jar;C:\Users\Pichau\.m2\repository\io\opentelemetry\opentelemetry-sdk-extension-autoconfigure-spi\1.39.0\opentelemetry-sdk-extension-autoconfigure-spi-1.39.0.jar;C:\Users\Pichau\.m2\repository\io\opentelemetry\opentelemetry-sdk-extension-autoconfigure\1.39.0\opentelemetry-sdk-extension-autoconfigure-1.39.0.jar;C:\Users\Pichau\.m2\repository\io\opentelemetry\opentelemetry-api-incubator\1.39.0-alpha\opentelemetry-api-incubator-1.39.0-alpha.jar;C:\Users\Pichau\.m2\repository\io\opentelemetry\opentelemetry-sdk-trace\1.39.0\opentelemetry-sdk-trace-1.39.0.jar;C:\Users\Pichau\.m2\repository\io\opentelemetry\opentelemetry-sdk\1.39.0\opentelemetry-sdk-1.39.0.jar;C:\Users\Pichau\.m2\repository\io\opentelemetry\opentelemetry-sdk-metrics\1.39.0\opentelemetry-sdk-metrics-1.39.0.jar;C:\Users\Pichau\.m2\repository\io\opentelemetry\opentelemetry-sdk-logs\1.39.0\opentelemetry-sdk-logs-1.39.0.jar;C:\Users\Pichau\.m2\repository\net\bytebuddy\byte-buddy\1.14.17\byte-buddy-1.14.17.jar;C:\Users\Pichau\.m2\repository\org\seleniumhq\selenium\selenium-os\4.22.0\selenium-os-4.22.0.jar;C:\Users\Pichau\.m2\repository\org\apache\commons\commons-exec\1.4.0\commons-exec-1.4.0.jar;C:\Users\Pichau\.m2\repository\org\seleniumhq\selenium\selenium-safari-driver\4.22.0\selenium-safari-driver-4.22.0.jar;C:\Users\Pichau\.m2\repository\org\seleniumhq\selenium\selenium-support\4.22.0\selenium-support-4.22.0.jar;C:\Users\Pichau\.m2\repository\org\junit\jupiter\junit-jupiter-api\5.10.3\junit-jupiter-api-5.10.3.jar;C:\Users\Pichau\.m2\repository\org\opentest4j\opentest4j\1.3.0\opentest4j-1.3.0.jar;C:\Users\Pichau\.m2\repository\org\junit\platform\junit-platform-commons\1.10.3\junit-platform-commons-1.10.3.jar;C:\Users\Pichau\.m2\repository\org\apiguardian\apiguardian-api\1.1.2\apiguardian-api-1.1.2.jar;C:\Users\Pichau\.m2\repository\io\rest-assured\rest-assured\5.5.0\rest-assured-5.5.0.jar;C:\Users\Pichau\.m2\repository\org\apache\groovy\groovy\4.0.22\groovy-4.0.22.jar;C:\Users\Pichau\.m2\repository\org\apache\groovy\groovy-xml\4.0.22\groovy-xml-4.0.22.jar;C:\Users\Pichau\.m2\repository\org\apache\httpcomponents\httpclient\4.5.13\httpclient-4.5.13.jar;C:\Users\Pichau\.m2\repository\org\apache\httpcomponents\httpcore\4.4.13\httpcore-4.4.13.jar;C:\Users\Pichau\.m2\repository\commons-logging\commons-logging\1.2\commons-logging-1.2.jar;C:\Users\Pichau\.m2\repository\commons-codec\commons-codec\1.11\commons-codec-1.11.jar;C:\Users\Pichau\.m2\repository\org\apache\httpcomponents\httpmime\4.5.13\httpmime-4.5.13.jar;C:\Users\Pichau\.m2\repository\org\hamcrest\hamcrest\2.2\hamcrest-2.2.jar;C:\Users\Pichau\.m2\repository\org\ccil\cowan\tagsoup\tagsoup\1.2.1\tagsoup-1.2.1.jar;C:\Users\Pichau\.m2\repository\io\rest-assured\json-path\5.5.0\json-path-5.5.0.jar;C:\Users\Pichau\.m2\repository\org\apache\groovy\groovy-json\4.0.22\groovy-json-4.0.22.jar;C:\Users\Pichau\.m2\repository\io\rest-assured\rest-assured-common\5.5.0\rest-assured-common-5.5.0.jar;C:\Users\Pichau\.m2\repository\io\rest-assured\xml-path\5.5.0\xml-path-5.5.0.jar;C:\Users\Pichau\.m2\repository\org\apache\commons\commons-lang3\3.11\commons-lang3-3.11.jar;C:\Users\Pichau\.m2\repository\commons-io\commons-io\2.15.1\commons-io-2.15.1.jar;"/>
    <property name="sun.cpu.endian" value="little"/>
    <property name="user.home" value="C:\Users\Pichau"/>
    <property name="user.language" value="pt"/>
    <property name="java.specification.vendor" value="Oracle Corporation"/>
    <property name="java.version.date" value="2024-01-16"/>
    <property name="java.home" value="C:\Program Files\Java\jdk-21"/>
    <property name="file.separator" value="\"/>
    <property name="basedir" value="C:\Users\Pichau\eclipse-workspace\projeto.bank"/>
    <property name="java.vm.compressedOopsMode" value="32-bit"/>
    <property name="line.separator" value="&#10;"/>
    <property name="java.vm.specification.vendor" value="Oracle Corporation"/>
    <property name="java.specification.name" value="Java Platform API Specification"/>
    <property name="surefire.real.class.path" value="C:\Users\Pichau\AppData\Local\Temp\surefire1534833240124848986\surefirebooter-20240718202525873_3.jar"/>
    <property name="user.script" value=""/>
    <property name="sun.management.compiler" value="HotSpot 64-Bit Tiered Compilers"/>
    <property name="java.runtime.version" value="21.0.2+13-LTS-58"/>
    <property name="user.name" value="Pichau"/>
    <property name="stdout.encoding" value="Cp1252"/>
    <property name="path.separator" value=";"/>
    <property name="os.version" value="10.0"/>
    <property name="java.runtime.name" value="Java(TM) SE Runtime Environment"/>
    <property name="file.encoding" value="UTF-8"/>
    <property name="java.vm.name" value="Java HotSpot(TM) 64-Bit Server VM"/>
    <property name="localRepository" value="C:\Users\Pichau\.m2\repository"/>
    <property name="java.vendor.url.bug" value="https://bugreport.java.com/bugreport/"/>
    <property name="java.io.tmpdir" value="C:\Users\Pichau\AppData\Local\Temp\"/>
    <property name="java.version" value="21.0.2"/>
    <property name="user.dir" value="C:\Users\Pichau\eclipse-workspace\projeto.bank"/>
    <property name="os.arch" value="amd64"/>
    <property name="java.vm.specification.name" value="Java Virtual Machine Specification"/>
    <property name="sun.os.patch.level" value=""/>
    <property name="native.encoding" value="Cp1252"/>
    <property name="java.library.path" value="C:\Program Files\Java\jdk-21\bin;C:\Windows\Sun\Java\bin;C:\Windows\system32;C:\Windows;C:\Program Files\Common Files\Oracle\Java\javapath;&quot;C:\Users\Pichau\Downloads;\Windows\system32&quot;;C:\Windows;C:\Windows\System32\Wbem;C:\Windows\System32\WindowsPowerShell\v1.0\;C:\Windows\System32\OpenSSH\;C:\Users\Pichau\AppData\Local\Microsoft\WindowsApps;C:\adb;C:\Program Files\Java\bin;C:\Program Files\Java\jre;C:\Users\Pichau\eclipse-workspace;C:\Users\Pichau\AppData\Local\Programs\Microsoft VS Code\Code.exe;C:\ProgramData\Microsoft\Windows\Start Menu\Programs\Node.js;C:\Program Files\nodejs;C:\Program Files\Java\jdk-21\bin;C:\apache-maven-3.9.6\bin;C:\Program Files\MySQL\MySQL Server 8.0\bin;C:\Windows\System32;C:\Program Files\Git\cmd;C:\Program Files\MySQL\MySQL Shell 8.0\bin\;C:\Users\Pichau\eclipse-workspace\CursoCucumber;C:\Users\Pichau\Documents\java\bin;C:\apache-maven-3.9.6\bin;C:\Users\Pichau\eclipse-workspace;C:\Users\Pichau\AppData\Local\Programs\Microsoft VS Code\Code.exe;C:\Users\Pichau\AppData\Local\Programs\Microsoft VS Code\bin;C:\Program Files\JetBrains\IntelliJ IDEA Community Edition 2023.1.4\bin;C:\Users\Pichau\AppData\Roaming\npm;C:\ProgramData\Microsoft\Windows\Start Menu\Programs\Node.js\bin;C:\Program Files\nodejs;C:\Users\Pichau\Documents\chromedriver\chromedriver-win64\bin;;."/>
    <property name="java.vm.info" value="mixed mode, sharing"/>
    <property name="stderr.encoding" value="Cp1252"/>
    <property name="java.vendor" value="Oracle Corporation"/>
    <property name="java.vm.version" value="21.0.2+13-LTS-58"/>
    <property name="sun.io.unicode.encoding" value="UnicodeLittle"/>
    <property name="java.class.version" value="65.0"/>
  </properties>
  <testcase name="cadastro" classname="projeto.bank.testes.CadastroConta" time="5.043"/>
</testsuite>